[    0.000000] Linux version 4.15.0-74-generic (buildd@lcy01-amd64-022) (gcc version 7.4.0 (Ubuntu 7.4.0-1ubuntu1~18.04.1)) #84-Ubuntu SMP Thu Dec 19 08:06:28 UTC 2019 (Ubuntu 4.15.0-74.84-generic 4.15.18)
[    0.000000] Command line: BOOT_IMAGE=/boot/vmlinuz-4.15.0-74-generic root=LABEL=cloudimg-rootfs ro console=tty1 console=ttyS0
[    0.000000] KERNEL supported cpus:
[    0.000000]   Intel GenuineIntel
[    0.000000]   AMD AuthenticAMD
[    0.000000]   Centaur CentaurHauls
[    0.000000] x86/fpu: Supporting XSAVE feature 0x001: 'x87 floating point registers'
[    0.000000] x86/fpu: Supporting XSAVE feature 0x002: 'SSE registers'
[    0.000000] x86/fpu: Supporting XSAVE feature 0x004: 'AVX registers'
[    0.000000] x86/fpu: xstate_offset[2]:  576, xstate_sizes[2]:  256
[    0.000000] x86/fpu: Enabled xstate features 0x7, context size is 832 bytes, using 'standard' format.
[    0.000000] e820: BIOS-provided physical RAM map:
[    0.000000] BIOS-e820: [mem 0x0000000000000000-0x000000000009fbff] usable
[    0.000000] BIOS-e820: [mem 0x000000000009fc00-0x000000000009ffff] reserved
[    0.000000] BIOS-e820: [mem 0x00000000000f0000-0x00000000000fffff] reserved
[    0.000000] BIOS-e820: [mem 0x0000000000100000-0x000000003ffeffff] usable
[    0.000000] BIOS-e820: [mem 0x000000003fff0000-0x000000003fffffff] ACPI data
[    0.000000] BIOS-e820: [mem 0x00000000fec00000-0x00000000fec00fff] reserved
[    0.000000] BIOS-e820: [mem 0x00000000fee00000-0x00000000fee00fff] reserved
[    0.000000] BIOS-e820: [mem 0x00000000fffc0000-0x00000000ffffffff] reserved
[    0.000000] NX (Execute Disable) protection: active
[    0.000000] SMBIOS 2.5 present.
[    0.000000] DMI: innotek GmbH VirtualBox/VirtualBox, BIOS VirtualBox 12/01/2006
[    0.000000] Hypervisor detected: KVM
[    0.000000] e820: last_pfn = 0x3fff0 max_arch_pfn = 0x400000000
[    0.000000] MTRR: Disabled
[    0.000000] x86/PAT: MTRRs disabled, skipping PAT initialization too.
[    0.000000] CPU MTRRs all blank - virtualized system.
[    0.000000] x86/PAT: Configuration [0-7]: WB  WT  UC- UC  WB  WT  UC- UC  
[    0.000000] found SMP MP-table at [mem 0x0009fff0-0x0009ffff]
[    0.000000] Scanning 1 areas for low memory corruption
[    0.000000] RAMDISK: [mem 0x35a6b000-0x36d2cfff]
[    0.000000] ACPI: Early table checksum verification disabled
[    0.000000] ACPI: RSDP 0x00000000000E0000 000024 (v02 VBOX  )
[    0.000000] ACPI: XSDT 0x000000003FFF0030 00003C (v01 VBOX   VBOXXSDT 00000001 ASL  00000061)
[    0.000000] ACPI: FACP 0x000000003FFF00F0 0000F4 (v04 VBOX   VBOXFACP 00000001 ASL  00000061)
[    0.000000] ACPI: DSDT 0x000000003FFF0470 002325 (v02 VBOX   VBOXBIOS 00000002 INTL 20100528)
[    0.000000] ACPI: FACS 0x000000003FFF0200 000040
[    0.000000] ACPI: FACS 0x000000003FFF0200 000040
[    0.000000] ACPI: APIC 0x000000003FFF0240 00005C (v02 VBOX   VBOXAPIC 00000001 ASL  00000061)
[    0.000000] ACPI: SSDT 0x000000003FFF02A0 0001CC (v01 VBOX   VBOXCPUT 00000002 INTL 20100528)
[    0.000000] No NUMA configuration found
[    0.000000] Faking a node at [mem 0x0000000000000000-0x000000003ffeffff]
[    0.000000] NODE_DATA(0) allocated [mem 0x3ffc5000-0x3ffeffff]
[    0.000000] kvm-clock: cpu 0, msr 0:3ff44001, primary cpu clock
[    0.000000] kvm-clock: Using msrs 4b564d01 and 4b564d00
[    0.000000] kvm-clock: using sched offset of 3853047078 cycles
[    0.000000] clocksource: kvm-clock: mask: 0xffffffffffffffff max_cycles: 0x1cd42e4dffb, max_idle_ns: 881590591483 ns
[    0.000000] Zone ranges:
[    0.000000]   DMA      [mem 0x0000000000001000-0x0000000000ffffff]
[    0.000000]   DMA32    [mem 0x0000000001000000-0x000000003ffeffff]
[    0.000000]   Normal   empty
[    0.000000]   Device   empty
[    0.000000] Movable zone start for each node
[    0.000000] Early memory node ranges
[    0.000000]   node   0: [mem 0x0000000000001000-0x000000000009efff]
[    0.000000]   node   0: [mem 0x0000000000100000-0x000000003ffeffff]
[    0.000000] Reserved but unavailable: 98 pages
[    0.000000] Initmem setup node 0 [mem 0x0000000000001000-0x000000003ffeffff]
[    0.000000] ACPI: PM-Timer IO Port: 0x4008
[    0.000000] IOAPIC[0]: apic_id 2, version 32, address 0xfec00000, GSI 0-23
[    0.000000] ACPI: INT_SRC_OVR (bus 0 bus_irq 0 global_irq 2 dfl dfl)
[    0.000000] ACPI: INT_SRC_OVR (bus 0 bus_irq 9 global_irq 9 low level)
[    0.000000] Using ACPI (MADT) for SMP configuration information
[    0.000000] smpboot: Allowing 2 CPUs, 0 hotplug CPUs
[    0.000000] PM: Registered nosave memory: [mem 0x00000000-0x00000fff]
[    0.000000] PM: Registered nosave memory: [mem 0x0009f000-0x0009ffff]
[    0.000000] PM: Registered nosave memory: [mem 0x000a0000-0x000effff]
[    0.000000] PM: Registered nosave memory: [mem 0x000f0000-0x000fffff]
[    0.000000] e820: [mem 0x40000000-0xfebfffff] available for PCI devices
[    0.000000] Booting paravirtualized kernel on KVM
[    0.000000] clocksource: refined-jiffies: mask: 0xffffffff max_cycles: 0xffffffff, max_idle_ns: 7645519600211568 ns
[    0.000000] random: get_random_bytes called from start_kernel+0x99/0x4fd with crng_init=0
[    0.000000] setup_percpu: NR_CPUS:8192 nr_cpumask_bits:2 nr_cpu_ids:2 nr_node_ids:1
[    0.000000] percpu: Embedded 45 pages/cpu s147456 r8192 d28672 u1048576
[    0.000000] PV qspinlock hash table entries: 256 (order: 0, 4096 bytes)
[    0.000000] Built 1 zonelists, mobility grouping on.  Total pages: 257913
[    0.000000] Policy zone: DMA32
[    0.000000] Kernel command line: BOOT_IMAGE=/boot/vmlinuz-4.15.0-74-generic root=LABEL=cloudimg-rootfs ro console=tty1 console=ttyS0
[    0.000000] Memory: 983072K/1048120K available (12300K kernel code, 2481K rwdata, 4260K rodata, 2428K init, 2704K bss, 65048K reserved, 0K cma-reserved)
[    0.000000] SLUB: HWalign=64, Order=0-3, MinObjects=0, CPUs=2, Nodes=1
[    0.000000] Kernel/User page tables isolation: enabled
[    0.000000] ftrace: allocating 39322 entries in 154 pages
[    0.004000] Hierarchical RCU implementation.
[    0.004000] 	RCU restricting CPUs from NR_CPUS=8192 to nr_cpu_ids=2.
[    0.004000] 	Tasks RCU enabled.
[    0.004000] RCU: Adjusting geometry for rcu_fanout_leaf=16, nr_cpu_ids=2
[    0.004000] NR_IRQS: 524544, nr_irqs: 440, preallocated irqs: 16
[    0.004000] Console: colour VGA+ 80x25
[    0.004000] console [tty1] enabled
[    0.004000] console [ttyS0] enabled
[    0.004000] ACPI: Core revision 20170831
[    0.004000] ACPI: 2 ACPI AML tables successfully acquired and loaded
[    0.004000] APIC: Switch to symmetric I/O mode setup
[    0.004000] x2apic enabled
[    0.004000] Switched APIC routing to physical x2apic.
[    0.004000] ..TIMER: vector=0x30 apic1=0 pin1=2 apic2=-1 pin2=-1
[    0.004003] tsc: Detected 2591.998 MHz processor
[    0.005115] Calibrating delay loop (skipped) preset value.. 5183.99 BogoMIPS (lpj=10367992)
[    0.008002] pid_max: default: 32768 minimum: 301
[    0.009227] Security Framework initialized
[    0.010158] Yama: becoming mindful.
[    0.012018] AppArmor: AppArmor initialized
[    0.020039] Dentry cache hash table entries: 131072 (order: 8, 1048576 bytes)
[    0.024054] Inode-cache hash table entries: 65536 (order: 7, 524288 bytes)
[    0.028012] Mount-cache hash table entries: 2048 (order: 2, 16384 bytes)
[    0.029501] Mountpoint-cache hash table entries: 2048 (order: 2, 16384 bytes)
[    0.032262] Last level iTLB entries: 4KB 64, 2MB 8, 4MB 8
[    0.033548] Last level dTLB entries: 4KB 64, 2MB 0, 4MB 0, 1GB 4
[    0.036002] Spectre V1 : Mitigation: usercopy/swapgs barriers and __user pointer sanitization
[    0.037976] Spectre V2 : Mitigation: Full generic retpoline
[    0.039207] Spectre V2 : Spectre v2 / SpectreRSB mitigation: Filling RSB on context switch
[    0.040002] Speculative Store Bypass: Vulnerable
[    0.041143] MDS: Vulnerable: Clear CPU buffers attempted, no microcode
[    0.042794] Freeing SMP alternatives memory: 36K
[    0.154092] smpboot: CPU0: Intel(R) Core(TM) i7-6700HQ CPU @ 2.60GHz (family: 0x6, model: 0x5e, stepping: 0x3)
[    0.156000] Performance Events: unsupported p6 CPU model 94 no PMU driver, software events only.
[    0.156024] Hierarchical SRCU implementation.
[    0.157654] NMI watchdog: Perf event create on CPU 0 failed with -2
[    0.160001] NMI watchdog: Perf NMI watchdog permanently disabled
[    0.161471] smp: Bringing up secondary CPUs ...
[    0.162923] x86: Booting SMP configuration:
[    0.164003] .... node  #0, CPUs:      #1
[    0.004000] kvm-clock: cpu 1, msr 0:3ff44041, secondary cpu clock
[    0.168021] smp: Brought up 1 node, 2 CPUs
[    0.168918] smpboot: Max logical packages: 1
[    0.169958] smpboot: Total of 2 processors activated (10367.99 BogoMIPS)
[    0.172109] devtmpfs: initialized
[    0.172955] x86/mm: Memory block size: 128MB
[    0.174106] evm: security.selinux
[    0.174921] evm: security.SMACK64
[    0.176002] evm: security.SMACK64EXEC
[    0.176931] evm: security.SMACK64TRANSMUTE
[    0.178000] evm: security.SMACK64MMAP
[    0.178847] evm: security.apparmor
[    0.180002] evm: security.ima
[    0.180889] evm: security.capability
[    0.181811] clocksource: jiffies: mask: 0xffffffff max_cycles: 0xffffffff, max_idle_ns: 7645041785100000 ns
[    0.184028] futex hash table entries: 512 (order: 3, 32768 bytes)
[    0.188019] pinctrl core: initialized pinctrl subsystem
[    0.192102] RTC time: 11:09:06, date: 02/03/20
[    0.193281] NET: Registered protocol family 16
[    0.194388] audit: initializing netlink subsys (disabled)
[    0.196027] audit: type=2000 audit(1580728151.296:1): state=initialized audit_enabled=0 res=1
[    0.197958] cpuidle: using governor ladder
[    0.200009] cpuidle: using governor menu
[    0.201086] ACPI: bus type PCI registered
[    0.202084] acpiphp: ACPI Hot Plug PCI Controller Driver version: 0.5
[    0.204118] PCI: Using configuration type 1 for base access
[    0.205524] HugeTLB registered 2.00 MiB page size, pre-allocated 0 pages
[    0.208084] ACPI: Added _OSI(Module Device)
[    0.209074] ACPI: Added _OSI(Processor Device)
[    0.210137] ACPI: Added _OSI(3.0 _SCP Extensions)
[    0.212002] ACPI: Added _OSI(Processor Aggregator Device)
[    0.213300] ACPI: Added _OSI(Linux-Dell-Video)
[    0.214263] ACPI: Added _OSI(Linux-Lenovo-NV-HDMI-Audio)
[    0.215518] ACPI: Added _OSI(Linux-HPI-Hybrid-Graphics)
[    0.216317] ACPI: Executed 1 blocks of module-level executable AML code
[    0.222340] ACPI: Interpreter enabled
[    0.224012] ACPI: (supports S0 S5)
[    0.225012] ACPI: Using IOAPIC for interrupt routing
[    0.226364] PCI: Using host bridge windows from ACPI; if necessary, use "pci=nocrs" and report a bug
[    0.228256] ACPI: Enabled 2 GPEs in block 00 to 07
[    0.236921] ACPI: PCI Root Bridge [PCI0] (domain 0000 [bus 00-ff])
[    0.238380] acpi PNP0A03:00: _OSC: OS supports [ASPM ClockPM Segments MSI]
[    0.240669] acpi PNP0A03:00: _OSC: not requesting OS control; OS requires [ExtendedConfig ASPM ClockPM MSI]
[    0.242785] acpi PNP0A03:00: fail to add MMCONFIG information, can't access extended PCI configuration space under this bridge.
[    0.244413] PCI host bridge to bus 0000:00
[    0.245463] pci_bus 0000:00: root bus resource [io  0x0000-0x0cf7 window]
[    0.248002] pci_bus 0000:00: root bus resource [io  0x0d00-0xffff window]
[    0.249659] pci_bus 0000:00: root bus resource [mem 0x000a0000-0x000bffff window]
[    0.251343] pci_bus 0000:00: root bus resource [mem 0x40000000-0xfdffffff window]
[    0.252003] pci_bus 0000:00: root bus resource [bus 00-ff]
[    0.258239] pci 0000:00:01.1: legacy IDE quirk: reg 0x10: [io  0x01f0-0x01f7]
[    0.259878] pci 0000:00:01.1: legacy IDE quirk: reg 0x14: [io  0x03f6]
[    0.260002] pci 0000:00:01.1: legacy IDE quirk: reg 0x18: [io  0x0170-0x0177]
[    0.261620] pci 0000:00:01.1: legacy IDE quirk: reg 0x1c: [io  0x0376]
[    0.279157] pci 0000:00:07.0: quirk: [io  0x4000-0x403f] claimed by PIIX4 ACPI
[    0.280017] pci 0000:00:07.0: quirk: [io  0x4100-0x410f] claimed by PIIX4 SMB
[    0.290513] ACPI: PCI Interrupt Link [LNKA] (IRQs 5 9 10 *11)
[    0.292159] ACPI: PCI Interrupt Link [LNKB] (IRQs 5 9 *10 11)
[    0.293968] ACPI: PCI Interrupt Link [LNKC] (IRQs 5 *9 10 11)
[    0.296247] ACPI: PCI Interrupt Link [LNKD] (IRQs 5 9 10 *11)
[    0.298179] SCSI subsystem initialized
[    0.300068] pci 0000:00:02.0: vgaarb: setting as boot VGA device
[    0.301873] pci 0000:00:02.0: vgaarb: VGA device added: decodes=io+mem,owns=io+mem,locks=none
[    0.303725] pci 0000:00:02.0: vgaarb: bridge control possible
[    0.304030] vgaarb: loaded
[    0.304734] ACPI: bus type USB registered
[    0.306070] usbcore: registered new interface driver usbfs
[    0.308014] usbcore: registered new interface driver hub
[    0.309366] usbcore: registered new device driver usb
[    0.310651] EDAC MC: Ver: 3.0.0
[    0.312261] PCI: Using ACPI for IRQ routing
[    0.313402] NetLabel: Initializing
[    0.314535] NetLabel:  domain hash size = 128
[    0.316005] NetLabel:  protocols = UNLABELED CIPSOv4 CALIPSO
[    0.317559] NetLabel:  unlabeled traffic allowed by default
[    0.318994] clocksource: Switched to clocksource kvm-clock
[    0.366807] VFS: Disk quotas dquot_6.6.0
[    0.367785] VFS: Dquot-cache hash table entries: 512 (order 0, 4096 bytes)
[    0.369445] AppArmor: AppArmor Filesystem Enabled
[    0.370626] pnp: PnP ACPI init
[    0.372648] pnp: PnP ACPI: found 3 devices
[    0.387583] clocksource: acpi_pm: mask: 0xffffff max_cycles: 0xffffff, max_idle_ns: 2085701024 ns
[    0.389631] NET: Registered protocol family 2
[    0.390719] TCP established hash table entries: 8192 (order: 4, 65536 bytes)
[    0.392358] TCP bind hash table entries: 8192 (order: 5, 131072 bytes)
[    0.404775] TCP: Hash tables configured (established 8192 bind 8192)
[    0.406328] UDP hash table entries: 512 (order: 2, 16384 bytes)
[    0.407728] UDP-Lite hash table entries: 512 (order: 2, 16384 bytes)
[    0.409253] NET: Registered protocol family 1
[    0.410247] pci 0000:00:00.0: Limiting direct PCI/PCI transfers
[    0.411662] pci 0000:00:01.0: Activating ISA DMA hang workarounds
[    0.413183] pci 0000:00:02.0: Video device with shadowed ROM at [mem 0x000c0000-0x000dffff]
[    0.415130] Unpacking initramfs...
[    1.009062] Freeing initrd memory: 19208K
[    1.010123] clocksource: tsc: mask: 0xffffffffffffffff max_cycles: 0x255cb518234, max_idle_ns: 440795279333 ns
[    1.012443] platform rtc_cmos: registered platform RTC device (no PNP device found)
[    1.014297] Scanning for low memory corruption every 60 seconds
[    1.016355] Initialise system trusted keyrings
[    1.017435] Key type blacklist registered
[    1.018541] workingset: timestamp_bits=36 max_order=18 bucket_order=0
[    1.021095] zbud: loaded
[    1.022344] squashfs: version 4.0 (2009/01/31) Phillip Lougher
[    1.023868] fuse init (API version 7.26)
[    1.027565] Key type asymmetric registered
[    1.028738] Asymmetric key parser 'x509' registered
[    1.029956] Block layer SCSI generic (bsg) driver version 0.4 loaded (major 246)
[    1.031850] io scheduler noop registered
[    1.032824] io scheduler deadline registered
[    1.033929] io scheduler cfq registered (default)
[    1.035394] ACPI: AC Adapter [AC] (on-line)
[    1.036605] input: Power Button as /devices/LNXSYSTM:00/LNXPWRBN:00/input/input0
[    1.038404] ACPI: Power Button [PWRF]
[    1.039326] input: Sleep Button as /devices/LNXSYSTM:00/LNXSLPBN:00/input/input1
[    1.041125] ACPI: Sleep Button [SLPF]
[    1.043109] ACPI: Battery Slot [BAT0] (battery present)
[    1.044354] Serial: 8250/16550 driver, 32 ports, IRQ sharing enabled
[    1.066479] 00:02: ttyS0 at I/O 0x3f8 (irq = 4, base_baud = 115200) is a 16550A
[    1.070963] Linux agpgart interface v0.103
[    1.073366] loop: module loaded
[    1.075098] scsi host0: ata_piix
[    1.076336] scsi host1: ata_piix
[    1.077225] ata1: PATA max UDMA/33 cmd 0x1f0 ctl 0x3f6 bmdma 0xd000 irq 14
[    1.078807] ata2: PATA max UDMA/33 cmd 0x170 ctl 0x376 bmdma 0xd008 irq 15
[    1.080532] libphy: Fixed MDIO Bus: probed
[    1.081649] tun: Universal TUN/TAP device driver, 1.6
[    1.082918] PPP generic driver version 2.4.2
[    1.084382] ehci_hcd: USB 2.0 'Enhanced' Host Controller (EHCI) Driver
[    1.085817] ehci-pci: EHCI PCI platform driver
[    1.086940] ehci-platform: EHCI generic platform driver
[    1.088104] ohci_hcd: USB 1.1 'Open' Host Controller (OHCI) Driver
[    1.089614] ohci-pci: OHCI PCI platform driver
[    1.090790] ohci-platform: OHCI generic platform driver
[    1.092003] uhci_hcd: USB Universal Host Controller Interface driver
[    1.093443] i8042: PNP: PS/2 Controller [PNP0303:PS2K,PNP0f03:PS2M] at 0x60,0x64 irq 1,12
[    1.095902] serio: i8042 KBD port at 0x60,0x64 irq 1
[    1.097246] serio: i8042 AUX port at 0x60,0x64 irq 12
[    1.098481] mousedev: PS/2 mouse device common for all mice
[    1.099992] input: AT Translated Set 2 keyboard as /devices/platform/i8042/serio0/input/input2
[    1.102637] rtc_cmos rtc_cmos: rtc core: registered rtc_cmos as rtc0
[    1.104585] rtc_cmos rtc_cmos: alarms up to one day, 114 bytes nvram
[    1.106023] i2c /dev entries driver
[    1.106859] device-mapper: uevent: version 1.0.3
[    1.108144] device-mapper: ioctl: 4.37.0-ioctl (2017-09-20) initialised: dm-devel@redhat.com
[    1.110285] ledtrig-cpu: registered to indicate activity on CPUs
[    1.113220] NET: Registered protocol family 10
[    1.118846] Segment Routing with IPv6
[    1.119840] NET: Registered protocol family 17
[    1.121179] Key type dns_resolver registered
[    1.122821] mce: Using 0 MCE banks
[    1.123743] RAS: Correctable Errors collector initialized.
[    1.125041] sched_clock: Marking stable (1125028403, 0)->(1378579227, -253550824)
[    1.127748] registered taskstats version 1
[    1.128878] Loading compiled-in X.509 certificates
[    1.132538] Loaded X.509 cert 'Build time autogenerated kernel key: 62d24f9c726e026b112735485dad6e6e4b50c923'
[    1.134722] zswap: loaded using pool lzo/zbud
[    1.140868] Key type big_key registered
[    1.141745] Key type trusted registered
[    1.144567] Key type encrypted registered
[    1.145611] AppArmor: AppArmor sha1 policy hashing enabled
[    1.146886] ima: No TPM chip found, activating TPM-bypass! (rc=-19)
[    1.148341] ima: Allocated hash algorithm: sha1
[    1.149562] evm: HMAC attrs: 0x1
[    1.150576]   Magic number: 8:979:174
[    1.151636] rtc_cmos rtc_cmos: setting system clock to 2020-02-03 11:09:07 UTC (1580728147)
[    1.153965] BIOS EDD facility v0.16 2004-Jun-25, 0 devices found
[    1.155368] EDD information not available.
[    1.911359] Freeing unused kernel image memory: 2428K
[    1.924353] Write protecting the kernel read-only data: 20480k
[    1.926356] Freeing unused kernel image memory: 2008K
[    1.928035] Freeing unused kernel image memory: 1884K
[    1.939308] x86/mm: Checked W+X mappings: passed, no W+X pages found.
[    1.940893] x86/mm: Checking user space page tables
[    1.951218] x86/mm: Checked W+X mappings: passed, no W+X pages found.
Loading, please wait...
starting version 237
[    2.034386] Fusion MPT base driver 3.04.20
[    2.035445] Copyright (c) 1999-2008 LSI Corporation
[    2.042186] e1000: Intel(R) PRO/1000 Network Driver - version 7.3.21-k8-NAPI
[    2.044023] e1000: Copyright (c) 1999-2006 Intel Corporation.
[    2.048497] Fusion MPT SPI Host driver 3.04.20
[    2.058534] AVX2 version of gcm_enc/dec engaged.
[    2.059646] AES CTR mode by8 optimization enabled
[    2.237673] input: ImExPS/2 Generic Explorer Mouse as /devices/platform/i8042/serio1/input/input4
[    2.459915] e1000 0000:00:03.0 eth0: (PCI:33MHz:32-bit) 02:6f:f9:1e:39:dc
[    2.461834] e1000 0000:00:03.0 eth0: Intel(R) PRO/1000 Network Connection
[    2.465145] mptbase: ioc0: Initiating bringup
[    2.465211] e1000 0000:00:03.0 enp0s3: renamed from eth0
[    2.931578] ioc0: LSI53C1030 A0: Capabilities={Initiator}
[    5.848769] scsi host2: ioc0: LSI53C1030 A0, FwRev=00000000h, Ports=1, MaxQ=256, IRQ=20
[    7.932622] scsi 2:0:0:0: Direct-Access     VBOX     HARDDISK         1.0  PQ: 0 ANSI: 5
[    7.965103] scsi target2:0:0: Beginning Domain Validation
[    7.971046] scsi target2:0:0: Domain Validation skipping write tests
[    7.972596] scsi target2:0:0: Ending Domain Validation
[    7.973997] scsi target2:0:0: asynchronous
[    7.976291] scsi 2:0:1:0: Direct-Access     VBOX     HARDDISK         1.0  PQ: 0 ANSI: 5
[    8.008046] scsi target2:0:1: Beginning Domain Validation
[    8.012511] random: fast init done
[    8.015091] scsi target2:0:1: Domain Validation skipping write tests
[    8.016629] scsi target2:0:1: Ending Domain Validation
[    8.018164] scsi target2:0:1: asynchronous
[    8.028123] random: systemd-udevd: uninitialized urandom read (16 bytes read)
[    8.029772] random: systemd-udevd: uninitialized urandom read (16 bytes read)
[    8.029782] sd 2:0:0:0: Attached scsi generic sg0 type 0
[    8.031582] random: systemd-udevd: uninitialized urandom read (16 bytes read)
[    8.034920] sd 2:0:0:0: [sda] 20971520 512-byte logical blocks: (10.7 GB/10.0 GiB)
[    8.037291] sd 2:0:1:0: Attached scsi generic sg1 type 0
[    8.037370] sd 2:0:0:0: [sda] Write Protect is off
[    8.040076] sd 2:0:1:0: [sdb] 20480 512-byte logical blocks: (10.5 MB/10.0 MiB)
[    8.040189] sd 2:0:0:0: [sda] Incomplete mode parameter data
[    8.043246] sd 2:0:0:0: [sda] Assuming drive cache: write through
[    8.043341] sd 2:0:1:0: [sdb] Write Protect is off
[    8.046786] sd 2:0:1:0: [sdb] Incomplete mode parameter data
[    8.048677] sd 2:0:1:0: [sdb] Assuming drive cache: write through
[    8.050722]  sda: sda1
[    8.052944] sd 2:0:0:0: [sda] Attached SCSI disk
[    8.057463] sd 2:0:1:0: [sdb] Attached SCSI disk
Begin: Loading essential drivers ... [    9.692060] raid6: sse2x1   gen() 10639 MB/s
[    9.740097] raid6: sse2x1   xor()  7353 MB/s
[    9.788011] raid6: sse2x2   gen() 13225 MB/s
[    9.836434] raid6: sse2x2   xor()  8951 MB/s
[    9.884770] raid6: sse2x4   gen() 15037 MB/s
[    9.932111] raid6: sse2x4   xor()  9069 MB/s
[    9.980363] raid6: avx2x1   gen() 21059 MB/s
[   10.028171] raid6: avx2x1   xor() 11608 MB/s
[   10.076043] raid6: avx2x2   gen() 24898 MB/s
[   10.124294] raid6: avx2x2   xor() 15841 MB/s
[   10.172181] raid6: avx2x4   gen() 29782 MB/s
[   10.220479] raid6: avx2x4   xor() 19171 MB/s
[   10.221609] raid6: using algorithm avx2x4 gen() 29782 MB/s
[   10.222840] raid6: .... xor() 19171 MB/s, rmw enabled
[   10.224021] raid6: using avx2x2 recovery algorithm
[   10.226779] xor: automatically using best checksumming function   avx       
[   10.229724] async_tx: api initialized (async)
done.
Begin: Running /scripts/init-premount ... done.
Begin: Mounting root file system ... Begin: Running /scripts/local-top ... done.
Begin: Running /scripts/local-premount ... [   10.276848] Btrfs loaded, crc32c=crc32c-intel
Scanning for Btrfs filesystems
done.
Warning: fsck not present, so skipping root file system
[   10.321666] EXT4-fs (sda1): mounted filesystem with ordered data mode. Opts: (null)
done.
Begin: Running /scripts/local-bottom ... done.
Begin: Running /scripts/init-bottom ... done.
[   10.522833] ip_tables: (C) 2000-2006 Netfilter Core Team
[   10.537911] systemd[1]: systemd 237 running in system mode. (+PAM +AUDIT +SELINUX +IMA +APPARMOR +SMACK +SYSVINIT +UTMP +LIBCRYPTSETUP +GCRYPT +GNUTLS +ACL +XZ +LZ4 +SECCOMP +BLKID +ELFUTILS +KMOD -IDN2 +IDN -PCRE2 default-hierarchy=hybrid)
[   10.542799] systemd[1]: Detected virtualization oracle.
[   10.544033] systemd[1]: Detected architecture x86-64.

Welcome to [1mUbuntu 18.04.3 LTS[0m!

[   10.561750] systemd[1]: Set hostname to <ubuntu>.
[   10.570042] systemd[1]: Initializing machine ID from random generator.
[   10.571632] systemd[1]: Installed transient /etc/machine-id file.
[   10.907458] systemd[1]: Started Forward Password Requests to Wall Directory Watch.
[[0;32m  OK  [0m] Started Forward Password Requests to Wall Directory Watch.
[   10.910481] systemd[1]: Reached target Swap.
[[0;32m  OK  [0m] Reached target Swap.
[   10.913644] systemd[1]: Created slice System Slice.
[[0;32m  OK  [0m] Created slice System Slice.
[   10.915571] systemd[1]: Listening on Journal Audit Socket.
[[0;32m  OK  [0m] Listening on Journal Audit Socket.
[[0;32m  OK  [0m] Listening on Network Service Netlink Socket.
[[0;32m  OK  [0m] Listening on Syslog Socket.
[[0;32m  OK  [0m] Created slice system-serial\x2dgetty.slice.
[[0;32m  OK  [0m] Listening on /dev/initctl Compatibility Named Pipe.
[[0;32m  OK  [0m] Listening on Journal Socket.
         Mounting Kernel Debug File System...
         Starting Load Kernel Modules...
         Mounting Huge Pages File System...
         Starting Remount Root and Kernel File Systems...
         Starting Set the console keyboard layout...
[   10.955353] Loading iSCSI transport class v2.0-870.
[   10.963714] iscsi: registered transport (tcp)
[[0;32m  OK  [0m] Listening on Device-mapper event daemon FIFOs.
[[0;32m  OK  [0m] Set up automount Arbitrary Executab…rmats File System Automount Point.
         Mounting POSIX Message Queue File System...
[[0;32m  OK  [0m] Listening on Journal Socket (/dev/log).
         Starting Journal Service...
[[0;32m  OK  [0m] Listening on udev Control Socket.
         Starting Create list of required st…ce nodes for the current kernel...
[   11.026523] iscsi: registered transport (iser)
[   11.028366] EXT4-fs (sda1): re-mounted. Opts: (null)
[[0;32m  OK  [0m] Created slice User and Session Slice.
[[0;32m  OK  [0m] Reached target Slices.
[[0;32m  OK  [0m] Listening on LVM2 metadata daemon socket.
[[0;32m  OK  [0m] Reached target User and Group Name Lookups.
[[0;32m  OK  [0m] Listening on udev Kernel Socket.
         Starting udev Coldplug all Devices...
         Starting Monitoring of LVM2 mirrors…ng dmeventd or progress polling...
[[0;32m  OK  [0m] Listening on LVM2 poll daemon socket.
[[0;32m  OK  [0m] Reached target System Time Synchronized.
         Starting Uncomplicated firewall...
[[0;32m  OK  [0m] Mounted Kernel Debug File System.
[[0;32m  OK  [0m] Started Load Kernel Modules.
[[0;32m  OK  [0m] Mounted Huge Pages File System.
[[0;32m  OK  [0m] Started Remount Root and Kernel File Systems.
[[0;32m  OK  [0m] Mounted POSIX Message Queue File System.
[[0;32m  OK  [0m] Started Create list of required sta…vice nodes for the current kernel.
         Starting Create Static Device Nodes in /dev...
         Starting Load/Save Random Seed...
         Mounting FUSE Control File System...
         Mounting Kernel Configuration File System...
         Starting Apply Kernel Variables...
[[0;32m  OK  [0m] Started Journal Service.
[[0;32m  OK  [0m] Started Uncomplicated firewall.
[[0;32m  OK  [0m] Started Create Static Device Nodes in /dev.
[[0;32m  OK  [0m] Mounted FUSE Control File System.
[[0;32m  OK  [0m] Started Load/Save Random Seed.
[[0;32m  OK  [0m] Mounted Kernel Configuration File System.
[[0;32m  OK  [0m] Started LVM2 metadata daemon.
         Starting udev Kernel Device Manager...
         Starting Flush Journal to Persistent Storage...
[[0;32m  OK  [0m] Started udev Coldplug all Devices.
[[0;32m  OK  [0m] Started Apply Kernel Variables.
[[0;32m  OK  [0m] Started Set the console keyboard layout.
[[0;32m  OK  [0m] Started udev Kernel Device Manager.
[[0;32m  OK  [0m] Started Dispatch Password Requests to Console Directory Watch.
[[0;32m  OK  [0m] Reached target Local Encrypted Volumes.
[[0;32m  OK  [0m] Started Monitoring of LVM2 mirrors,…sing dmeventd or progress polling.
[[0;32m  OK  [0m] Reached target Local File Systems (Pre).
[[0;32m  OK  [0m] Reached target Local File Systems.
         Starting AppArmor initialization...
         Starting Tell Plymouth To Write Out Runtime Data...
         Starting Commit a transient machine-id on disk...
         Starting Set console font and keymap...
         Starting ebtables ruleset management...
[[0;32m  OK  [0m] Started Flush Journal to Persistent Storage.
         Starting Create Volatile Files and Directories...
[[0;32m  OK  [0m] Started Tell Plymouth To Write Out Runtime Data.
[[0;32m  OK  [0m] Started Set console font and keymap.
[[0;32m  OK  [0m] Started Create Volatile Files and Directories.
         Starting Update UTMP about System Boot/Shutdown...
[[0;32m  OK  [0m] Started Commit a transient machine-id on disk.
[[0;32m  OK  [0m] Started Update UTMP about System Boot/Shutdown.
[[0;32m  OK  [0m] Started ebtables ruleset management.
[[0;32m  OK  [0m] Found device /dev/ttyS0.
[[0;32m  OK  [0m] Listening on Load/Save RF Kill Switch Status /dev/rfkill Watch.
[[0;32m  OK  [0m] Started AppArmor initialization.
         Starting Initial cloud-init job (pre-networking)...
[   14.908492] cloud-init[550]: Cloud-init v. 19.3-41-gc4735dd3-0ubuntu1~18.04.1 running 'init-local' at Mon, 03 Feb 2020 11:09:20 +0000. Up 14.38 seconds.
[[0;32m  OK  [0m] Started Initial cloud-init job (pre-networking).
[[0;32m  OK  [0m] Reached target Network (Pre).
         Starting Network Service...
[[0;32m  OK  [0m] Started Network Service.
         Starting Network Name Resolution...
         Starting Wait for Network to be Configured...
[[0;32m  OK  [0m] Started Network Name Resolution.
[[0;32m  OK  [0m] Reached target Network.
[[0;32m  OK  [0m] Reached target Host and Network Name Lookups.
[[0;32m  OK  [0m] Started Wait for Network to be Configured.
         Starting Initial cloud-init job (metadata service crawler)...
[   17.342180] cloud-init[675]: Cloud-init v. 19.3-41-gc4735dd3-0ubuntu1~18.04.1 running 'init' at Mon, 03 Feb 2020 11:09:23 +0000. Up 17.12 seconds.
[   17.344170] cloud-init[675]: ci-info: ++++++++++++++++++++++++++++++++++++++Net device info++++++++++++++++++++++++++++++++++++++
[   17.345514] cloud-init[675]: ci-info: +--------+------+----------------------------+---------------+--------+-------------------+
[   17.347023] cloud-init[675]: ci-info: | Device |  Up  |          Address           |      Mask     | Scope  |     Hw-Address    |
[   17.348451] cloud-init[675]: ci-info: +--------+------+----------------------------+---------------+--------+-------------------+
[   17.349937] cloud-init[675]: ci-info: | enp0s3 | True |         10.0.2.15          | 255.255.255.0 | global | 02:6f:f9:1e:39:dc |
[   17.351759] cloud-init[675]: ci-info: | enp0s3 | True | fe80::6f:f9ff:fe1e:39dc/64 |       .       |  link  | 02:6f:f9:1e:39:dc |
[   17.364232] cloud-init[675]: ci-info: |   lo   | True |         127.0.0.1          |   255.0.0.0   |  host  |         .         |
[   17.376373] cloud-init[675]: ci-info: |   lo   | True |          ::1/128           |       .       |  host  |         .         |
[   17.388126] cloud-init[675]: ci-info: +--------+------+----------------------------+---------------+--------+-------------------+
[   17.389892] cloud-init[675]: ci-info: ++++++++++++++++++++++++++++Route IPv4 info+++++++++++++++++++++++++++++
[   17.391825] cloud-init[675]: ci-info: +-------+-------------+----------+-----------------+-----------+-------+
[   17.393371] cloud-init[675]: ci-info: | Route | Destination | Gateway  |     Genmask     | Interface | Flags |
[   17.394901] cloud-init[675]: ci-info: +-------+-------------+----------+-----------------+-----------+-------+
[   17.396710] cloud-init[675]: ci-info: |   0   |   0.0.0.0   | 10.0.2.2 |     0.0.0.0     |   enp0s3  |   UG  |
[   17.408336] cloud-init[675]: ci-info: |   1   |   10.0.2.0  | 0.0.0.0  |  255.255.255.0  |   enp0s3  |   U   |
[   17.409986] cloud-init[675]: ci-info: |   2   |   10.0.2.2  | 0.0.0.0  | 255.255.255.255 |   enp0s3  |   UH  |
[   17.411533] cloud-init[675]: ci-info: +-------+-------------+----------+-----------------+-----------+-------+
[   17.413162] cloud-init[675]: ci-info: +++++++++++++++++++Route IPv6 info+++++++++++++++++++
[   17.414239] cloud-init[675]: ci-info: +-------+-------------+---------+-----------+-------+
[   17.415255] cloud-init[675]: ci-info: | Route | Destination | Gateway | Interface | Flags |
[   17.432609] cloud-init[675]: ci-info: +-------+-------------+---------+-----------+-------+
[   17.433825] cloud-init[675]: ci-info: |   1   |  fe80::/64  |    ::   |   enp0s3  |   U   |
[   17.434959] cloud-init[675]: ci-info: |   3   |    local    |    ::   |   enp0s3  |   U   |
[   17.436476] cloud-init[675]: ci-info: |   4   |   ff00::/8  |    ::   |   enp0s3  |   U   |
[   17.437792] cloud-init[675]: ci-info: +-------+-------------+---------+-----------+-------+
[   19.106024] cloud-init[675]: Generating public/private rsa key pair.
[   19.107250] cloud-init[675]: Your identification has been saved in /etc/ssh/ssh_host_rsa_key.
[   19.108724] cloud-init[675]: Your public key has been saved in /etc/ssh/ssh_host_rsa_key.pub.
[   19.110227] cloud-init[675]: The key fingerprint is:
[   19.124509] cloud-init[675]: SHA256:XdBxcGvgY0nFpstbBQ3PUwObrednxyoq6Q+T/riuNK8 root@ubuntu-bionic
[   19.125559] cloud-init[675]: The key's randomart image is:
[   19.136172] cloud-init[675]: +---[RSA 2048]----+
[   19.137093] cloud-init[675]: |          ..=**+.|
[   19.137857] cloud-init[675]: |           +.=B++|
[   19.138687] cloud-init[675]: |            *=o+o|
[   19.139514] cloud-init[675]: |         . o.o. o|
[   19.153553] cloud-init[675]: |        S .. o o |
[   19.164525] cloud-init[675]: |         .  o +. |
[   19.165536] cloud-init[675]: |      o +.   o .=|
[   19.166479] cloud-init[675]: |     . +o+  o  oo|
[   19.167287] cloud-init[675]: |      E=B=+. ..  |
[   19.168191] cloud-init[675]: +----[SHA256]-----+
[   19.169072] cloud-init[675]: Generating public/private dsa key pair.
[   19.170090] cloud-init[675]: Your identification has been saved in /etc/ssh/ssh_host_dsa_key.
[   19.171526] cloud-init[675]: Your public key has been saved in /etc/ssh/ssh_host_dsa_key.pub.
[   19.172961] cloud-init[675]: The key fingerprint is:
[   19.173592] cloud-init[675]: SHA256:SLHPvMCAoeFZWX0K2S/Uw5rYsFa91rpC9Yr1qXVub10 root@ubuntu-bionic
[   19.175071] cloud-init[675]: The key's randomart image is:
[   19.175986] cloud-init[675]: +---[DSA 1024]----+
[   19.177430] cloud-init[675]: |. ..o.= +        |
[[   19.188982] cloud-init[675]: |.oo+ + B *       |
[0;32m  OK  [0m[   19.189069] ] cloud-initStarted Initial cloud-init job (metadata service crawler).[675]: 
|.o. . @ * +      |
[   19.190752] cloud-init[675]: |     B @ = .     |
[   19.191367] cloud-init[675]: |    . + S o      |
[[   19.192316] cloud-init[675]: |       o + .    E|
[   19.192444] cloud-init[675]: |      . + +...  o|
[   19.192910] cloud-init[675]: |       o o.oo. ..|
[0;32m  OK  [0m] Reached target Network is Online.
[   19.193278] cloud-init[675]: |        ... ..o. |
[   19.209577] cloud-init[675]: +----[SHA256]-----+
[[   19.221183] cloud-init[675]: Generating public/private ecdsa key pair.
[   19.221354] cloud-init[675]: Your identification has been saved in /etc/ssh/ssh_host_ecdsa_key.
[   19.222275] cloud-init[675]: Your public key has been saved in /etc/ssh/ssh_host_ecdsa_key.pub.
[0;32m  OK  [0m] Reached target Remote File Systems (Pre).
[   19.222318] cloud-init[675]: The key fingerprint is:
[   19.225653] cloud-init[675]: SHA256:7+PE3MrvYN2NXQH2I2uRfbyAahODytLd9DVA+2OaB2U root@ubuntu-bionic
[[   19.226181] [0;32m  OK  [0mcloud-init] Reached target Remote File Systems.[675]: The key's randomart image is:
[   19.226272] cloud-init[675]: +---[ECDSA 256]---+
[   19.226713] cloud-init[675]: |          .o o   |
[   19.227419] cloud-init[675]: |        .   = =. |
[   19.228046] cloud-init[675]: |       . + o E =o|
[   19.228161] cloud-init[675]: |    o o o = = * =|
[   19.228438] cloud-init[675]: |   . + .S= o * ..|
[   19.228989] cloud-init[675]: |    .   .+.o*..+.|
[   19.229429] cloud-init[675]: |          Boo.o o|
[   19.229604] cloud-init[675]: |         =.o.    |
[   19.229990] cloud-init[675]: |         .=+o    |
[   19.230429] cloud-init[675]: +----[SHA256]-----+
[   19.231009] cloud-init[675]: Generating public/private ed25519 key pair.
[   19.231344] cloud-init[675]: Your identification has been saved in /etc/ssh/ssh_host_ed25519_key.
[   19.231844] cloud-init[675]: Your public key has been saved in /etc/ssh/ssh_host_ed25519_key.pub.
[   19.232238] cloud-init[675]: The key fingerprint is:
[   19.232700] cloud-init[675]: SHA256:0ZHngFgZrk03PFAVMHJVt1wbogFZezgIGOZIGEsz538 root@ubuntu-bionic
[   19.233111] cloud-init[675]: The key's randomart image is:
[   19.233586] cloud-init[675]: +--[ED25519 256]--+
[   19.234076] cloud-init[675]: | =oo oo+=*XB++..o|
[   19.234436] cloud-init[675]: |..B +...+B+o* o.=|
[   19.234910] cloud-init[675]: | . o .  +.*O . + |
[   19.235505] cloud-init[675]: |    .  + o o+    |
[   19.235965] cloud-init[675]: |     ..ES        |
[   19.236377] cloud-init[675]: |      .          |
[   19.236845] cloud-init[675]: |                 |
[   19.237240] cloud-init[675]: |                 |
[   19.237984] cloud-init[675]: |                 |
[   19.238388] cloud-init[675]: +----[SHA256]-----+

         Starting Availability of block devices...
[[0;32m  OK  [0m] Reached target Cloud-config availability.
[[0;32m  OK  [0m] Reached target System Initialization.
[[0;32m  OK  [0m] Listening on UUID daemon activation socket.
         Starting Socket activation for snappy daemon.
[[0;32m  OK  [0m] Listening on ACPID Listen Socket.
[[0;32m  OK  [0m] Started Discard unused blocks once a week.
         Starting LXD - unix socket.
[[0;32m  OK  [0m] Listening on Open-iSCSI iscsid Socket.
[[0;32m  OK  [0m] Listening on D-Bus System Message Bus Socket.
[[0;32m  OK  [0m] Started ACPI Events Check.
[[0;32m  OK  [0m] Reached target Paths.
[[0;32m  OK  [0m] Started Message of the Day.
[[0;32m  OK  [0m] Started Daily Cleanup of Temporary Directories.
[[0;32m  OK  [0m] Started Daily apt download activities.
[[0;32m  OK  [0m] Started Daily apt upgrade and clean activities.
[[0;32m  OK  [0m] Reached target Timers.
[[0;32m  OK  [0m] Started Availability of block devices.
[[0;32m  OK  [0m] Listening on Socket activation for snappy daemon.
[[0;32m  OK  [0m] Listening on LXD - unix socket.
[[0;32m  OK  [0m] Reached target Sockets.
[[0;32m  OK  [0m] Reached target Basic System.
         Starting Dispatcher daemon for systemd-networkd...
[[0;32m  OK  [0m] Started D-Bus System Message Bus.
         Starting Virtualbox guest utils...
         Starting LSB: Record successful boot for GRUB...
         Starting Pollinate to seed the pseudo random number generator...
[[0;32m  OK  [0m] Started irqbalance daemon.
         Starting LSB: automatic crash report generation...
[[0;32m  OK  [0m] Started Regular background program processing daemon.
         Starting System Logging Service...
[[0;32m  OK  [0m] Started FUSE filesystem for LXC.
[[0;32m  OK  [0m] Started Deferred execution scheduler.
         Starting Accounts Service...
         Starting Permit User Sessions...
         Starting LXD - container startup/shutdown...
         Starting Login Service...
         Starting Snappy daemon...
[[0;32m  OK  [0m] Started System Logging Service.
[[0;32m  OK  [0m] Started Permit User Sessions.
         Starting Terminate Plymouth Boot Screen...
         Starting Hold until boot process finishes up...
[[0;32m  OK  [0m] Started Login Service.
[[0;32m  OK  [0m] Started Hold until boot process finishes up.
[[0;32m  OK  [0m] Started Terminate Plymouth Boot Screen.
[[0;32m  OK  [0m] Started Serial Getty on ttyS0.
         Starting Set console scheme...
[[0;32m  OK  [0m] Started Unattended Upgrades Shutdown.
         Starting Authorization Manager...
[[0;32m  OK  [0m] Started Set console scheme.
[[0;32m  OK  [0m] Created slice system-getty.slice.
[[0;32m  OK  [0m] Started Getty on tty1.
[[0;32m  OK  [0m] Reached target Login Prompts.
[[0;32m  OK  [0m] Started LSB: automatic crash report generation.
[[0;32m  OK  [0m] Started LSB: Record successful boot for GRUB.
[[0;32m  OK  [0m] Started Authorization Manager.
[[0;32m  OK  [0m] Started Accounts Service.
[[0;32m  OK  [0m] Started Virtualbox guest utils.
[[0;32m  OK  [0m] Started LXD - container startup/shutdown.
[[0;32m  OK  [0m] Started Dispatcher daemon for systemd-networkd.
[[0;32m  OK  [0m] Started Pollinate to seed the pseudo random number generator.
         Starting OpenBSD Secure Shell server...
[[0;32m  OK  [0m] Started Snappy daemon.
         Starting Wait until snapd is fully seeded...
[[0;32m  OK  [0m] Started OpenBSD Secure Shell server.
[[0;32m  OK  [0m] Created slice User Slice of vagrant.
         Starting User Manager for UID 1000...
[[0;32m  OK  [0m] Started Session 1 of user vagrant.
[[0;32m  OK  [0m] Started User Manager for UID 1000.
[[0;32m  OK  [0m] Started Wait until snapd is fully seeded.
         Starting Apply the settings specified in cloud-config...
[[0;32m  OK  [0m] Reached target Multi-User System.
[[0;32m  OK  [0m] Reached target Graphical Interface.
         Starting Update UTMP about System Runlevel Changes...
[[0;32m  OK  [0m] Started Update UTMP about System Runlevel Changes.
[   25.152528] cloud-init[1194]: Cloud-init v. 19.3-41-gc4735dd3-0ubuntu1~18.04.1 running 'modules:config' at Mon, 03 Feb 2020 11:09:30 +0000. Up 23.67 seconds.

Ubuntu 18.04.3 LTS ubuntu-bionic ttyS0

ubuntu-bionic login: ci-info: no authorized ssh keys fingerprints found for user ubuntu.
<14>Feb  3 11:09:32 ec2: 
<14>Feb  3 11:09:32 ec2: #############################################################
<14>Feb  3 11:09:32 ec2: -----BEGIN SSH HOST KEY FINGERPRINTS-----
<14>Feb  3 11:09:32 ec2: 1024 SHA256:SLHPvMCAoeFZWX0K2S/Uw5rYsFa91rpC9Yr1qXVub10 root@ubuntu-bionic (DSA)
<14>Feb  3 11:09:32 ec2: 256 SHA256:7+PE3MrvYN2NXQH2I2uRfbyAahODytLd9DVA+2OaB2U root@ubuntu-bionic (ECDSA)
<14>Feb  3 11:09:32 ec2: 256 SHA256:0ZHngFgZrk03PFAVMHJVt1wbogFZezgIGOZIGEsz538 root@ubuntu-bionic (ED25519)
<14>Feb  3 11:09:32 ec2: 2048 SHA256:XdBxcGvgY0nFpstbBQ3PUwObrednxyoq6Q+T/riuNK8 root@ubuntu-bionic (RSA)
<14>Feb  3 11:09:32 ec2: -----END SSH HOST KEY FINGERPRINTS-----
<14>Feb  3 11:09:32 ec2: #############################################################
-----BEGIN SSH HOST KEY KEYS-----
ecdsa-sha2-nistp256 AAAAE2VjZHNhLXNoYTItbmlzdHAyNTYAAAAIbmlzdHAyNTYAAABBBDP2acByUXya25w+lc3b8hUGc7TePjGYSHdQQ4eVWisp2rjehqiJvUHM7Vp463H43iAvzGBRU+t1TjuJ5Gef3ZU= root@ubuntu-bionic
ssh-ed25519 AAAAC3NzaC1lZDI1NTE5AAAAIE0YXucg+R20sD2T2kpJPUoj/rM02qhK+VNCquKPJbFj root@ubuntu-bionic
ssh-rsa AAAAB3NzaC1yc2EAAAADAQABAAABAQCeCFsq74AAKz1D9OfYUzHqkhl7kuw7OLGnIXzBxOTboQ27PCpHVbtoMhNARRpY+j6ZciBc2w78Hc/Tf5orZJE2TE1PXKaEWkltw5ceXAikimQY40xZ0dufYobbJ+sSAIf4dV0ca8EEF+c9xc5nhD22ueeFVQzdqNpdm2tDn5StVBtMY2NJKQUBxegOfT82AVGt0r6qyA5HqW6h/cCmVlc2VursFw27Y18kqb2Z51GSXsHT9cK1D1Fx2DVga8EhoD+2w3qjyJEIqi/elVjpEgFpkK/t1twVfCg4688zXVIbtZatwErUJYfZp7mF5cFlFxRfzspMcZmRCpJ83TI5CqYj root@ubuntu-bionic
-----END SSH HOST KEY KEYS-----
[   25.986639] cloud-init[1346]: Cloud-init v. 19.3-41-gc4735dd3-0ubuntu1~18.04.1 running 'modules:final' at Mon, 03 Feb 2020 11:09:32 +0000. Up 25.78 seconds.
[   25.989109] cloud-init[1346]: ci-info: no authorized ssh keys fingerprints found for user ubuntu.
[   25.990713] cloud-init[1346]: Cloud-init v. 19.3-41-gc4735dd3-0ubuntu1~18.04.1 finished at Mon, 03 Feb 2020 11:09:32 +0000. Datasource DataSourceNoCloud [seed=/dev/sdb][dsmode=net].  Up 25.97 seconds
